# JRE version: OpenJDK Runtime Environment Temurin-21.0.7+6 (21.0.7+6) (build 21.0.7+6-LTS)
# Java VM: OpenJDK 64-Bit Server VM Temurin-21.0.7+6 (21.0.7+6-LTS, mixed mode, sharing, tiered, compressed oops, compressed class ptrs, parallel gc, windows-amd64)
GC Precious Log:
 CardTable entry size: 512
 CPUs: 16 total, 16 available
 Memory: 7812M
 Large Page Support: Disabled
 NUMA Support: Disabled
 Compressed Oops: Enabled (32-bit)
 Alignments: Space 512K, Generation 512K, Heap 2M
 Heap Min Capacity: 100M
 Heap Initial Capacity: 100M
 Heap Max Capacity: 1G
 Pre-touch: Disabled
 Parallel Workers: 13
Heap:
 PSYoungGen      total 5120K, used 3001K [0x00000000eab00000, 0x00000000eb180000, 0x0000000100000000)
  eden space 4096K, 53% used [0x00000000eab00000,0x00000000ead215f8,0x00000000eaf00000)
  from space 1024K, 80% used [0x00000000eb080000,0x00000000eb14cfd0,0x00000000eb180000)
  to   space 1024K, 0% used [0x00000000eaf80000,0x00000000eaf80000,0x00000000eb080000)
 ParOldGen       total 333312K, used 314742K [0x00000000c0000000, 0x00000000d4580000, 0x00000000eab00000)
  object space 333312K, 94% used [0x00000000c0000000,0x00000000d335daf8,0x00000000d4580000)
 Metaspace       used 63516K, committed 65088K, reserved 1114112K
  class space    used 6469K, committed 7168K, reserved 1048576K
GC Heap History (20 events):
Event: 10.662 GC heap before
{Heap before GC invocations=207 (full 3):
 PSYoungGen      total 2048K, used 1058K [0x00000000eab00000, 0x00000000eaf80000, 0x0000000100000000)
  eden space 512K, 72% used [0x00000000eab00000,0x00000000eab5cb98,0x00000000eab80000)
  from space 1536K, 44% used [0x00000000ead00000,0x00000000eadabf18,0x00000000eae80000)
  to   space 1024K, 0% used [0x00000000eae80000,0x00000000eae80000,0x00000000eaf80000)
 ParOldGen       total 337920K, used 337486K [0x00000000c0000000, 0x00000000d4a00000, 0x00000000eab00000)
  object space 337920K, 99% used [0x00000000c0000000,0x00000000d4993af8,0x00000000d4a00000)
 Metaspace       used 63389K, committed 64960K, reserved 1114112K
  class space    used 6464K, committed 7168K, reserved 1048576K
}
Event: 10.663 GC heap after
{Heap after GC invocations=207 (full 3):
 PSYoungGen      total 1536K, used 535K [0x00000000eab00000, 0x00000000eaf80000, 0x0000000100000000)
  eden space 512K, 0% used [0x00000000eab00000,0x00000000eab00000,0x00000000eab80000)
  from space 1024K, 52% used [0x00000000eae80000,0x00000000eaf05e90,0x00000000eaf80000)
  to   space 1024K, 0% used [0x00000000ead80000,0x00000000ead80000,0x00000000eae80000)
 ParOldGen       total 338432K, used 338045K [0x00000000c0000000, 0x00000000d4a80000, 0x00000000eab00000)
  object space 338432K, 99% used [0x00000000c0000000,0x00000000d4a1f480,0x00000000d4a80000)
 Metaspace       used 63389K, committed 64960K, reserved 1114112K
  class space    used 6464K, committed 7168K, reserved 1048576K
}
Event: 10.668 GC heap before
{Heap before GC invocations=208 (full 3):
 PSYoungGen      total 1536K, used 1047K [0x00000000eab00000, 0x00000000eaf80000, 0x0000000100000000)
  eden space 512K, 100% used [0x00000000eab00000,0x00000000eab80000,0x00000000eab80000)
  from space 1024K, 52% used [0x00000000eae80000,0x00000000eaf05e90,0x00000000eaf80000)
  to   space 1024K, 0% used [0x00000000ead80000,0x00000000ead80000,0x00000000eae80000)
 ParOldGen       total 338432K, used 338045K [0x00000000c0000000, 0x00000000d4a80000, 0x00000000eab00000)
  object space 338432K, 99% used [0x00000000c0000000,0x00000000d4a1f480,0x00000000d4a80000)
 Metaspace       used 63389K, committed 64960K, reserved 1114112K
  class space    used 6464K, committed 7168K, reserved 1048576K
}
Event: 10.669 GC heap after
{Heap after GC invocations=208 (full 3):
 PSYoungGen      total 1536K, used 811K [0x00000000eab00000, 0x00000000eaf00000, 0x0000000100000000)
  eden space 512K, 0% used [0x00000000eab00000,0x00000000eab00000,0x00000000eab80000)
  from space 1024K, 79% used [0x00000000ead80000,0x00000000eae4af48,0x00000000eae80000)
  to   space 512K, 0% used [0x00000000eae80000,0x00000000eae80000,0x00000000eaf00000)
 ParOldGen       total 338944K, used 338459K [0x00000000c0000000, 0x00000000d4b00000, 0x00000000eab00000)
  object space 338944K, 99% used [0x00000000c0000000,0x00000000d4a86db8,0x00000000d4b00000)
 Metaspace       used 63389K, committed 64960K, reserved 1114112K
  class space    used 6464K, committed 7168K, reserved 1048576K
}
Event: 10.678 GC heap before
{Heap before GC invocations=209 (full 3):
 PSYoungGen      total 1536K, used 1323K [0x00000000eab00000, 0x00000000eaf00000, 0x0000000100000000)
  eden space 512K, 100% used [0x00000000eab00000,0x00000000eab80000,0x00000000eab80000)
  from space 1024K, 79% used [0x00000000ead80000,0x00000000eae4af48,0x00000000eae80000)
  to   space 512K, 0% used [0x00000000eae80000,0x00000000eae80000,0x00000000eaf00000)
 ParOldGen       total 338944K, used 338459K [0x00000000c0000000, 0x00000000d4b00000, 0x00000000eab00000)
  object space 338944K, 99% used [0x00000000c0000000,0x00000000d4a86db8,0x00000000d4b00000)
 Metaspace       used 63389K, committed 64960K, reserved 1114112K
  class space    used 6464K, committed 7168K, reserved 1048576K
}
Event: 10.679 GC heap after
{Heap after GC invocations=209 (full 3):
 PSYoungGen      total 1024K, used 512K [0x00000000eab00000, 0x00000000eaf00000, 0x0000000100000000)
  eden space 512K, 0% used [0x00000000eab00000,0x00000000eab00000,0x00000000eab80000)
  from space 512K, 100% used [0x00000000eae80000,0x00000000eaf00000,0x00000000eaf00000)
  to   space 1536K, 0% used [0x00000000eac00000,0x00000000eac00000,0x00000000ead80000)
 ParOldGen       total 339456K, used 339127K [0x00000000c0000000, 0x00000000d4b80000, 0x00000000eab00000)
  object space 339456K, 99% used [0x00000000c0000000,0x00000000d4b2dd00,0x00000000d4b80000)
 Metaspace       used 63389K, committed 64960K, reserved 1114112K
  class space    used 6464K, committed 7168K, reserved 1048576K
}
Event: 10.684 GC heap before
{Heap before GC invocations=210 (full 3):
 PSYoungGen      total 1024K, used 798K [0x00000000eab00000, 0x00000000eaf00000, 0x0000000100000000)
  eden space 512K, 56% used [0x00000000eab00000,0x00000000eab47b40,0x00000000eab80000)
  from space 512K, 100% used [0x00000000eae80000,0x00000000eaf00000,0x00000000eaf00000)
  to   space 1536K, 0% used [0x00000000eac00000,0x00000000eac00000,0x00000000ead80000)
 ParOldGen       total 340992K, used 340471K [0x00000000c0000000, 0x00000000d4d00000, 0x00000000eab00000)
  object space 340992K, 99% used [0x00000000c0000000,0x00000000d4c7dd00,0x00000000d4d00000)
 Metaspace       used 63389K, committed 64960K, reserved 1114112K
  class space    used 6464K, committed 7168K, reserved 1048576K
}
Event: 10.686 GC heap after
{Heap after GC invocations=210 (full 3):
 PSYoungGen      total 2048K, used 448K [0x00000000eab00000, 0x00000000eaf00000, 0x0000000100000000)
  eden space 512K, 0% used [0x00000000eab00000,0x00000000eab00000,0x00000000eab80000)
  from space 1536K, 29% used [0x00000000eac00000,0x00000000eac70000,0x00000000ead80000)
  to   space 1024K, 0% used [0x00000000eae00000,0x00000000eae00000,0x00000000eaf00000)
 ParOldGen       total 340992K, used 340919K [0x00000000c0000000, 0x00000000d4d00000, 0x00000000eab00000)
  object space 340992K, 99% used [0x00000000c0000000,0x00000000d4cedd00,0x00000000d4d00000)
 Metaspace       used 63389K, committed 64960K, reserved 1114112K
  class space    used 6464K, committed 7168K, reserved 1048576K
}
Event: 10.686 GC heap before
{Heap before GC invocations=211 (full 3):
 PSYoungGen      total 2048K, used 448K [0x00000000eab00000, 0x00000000eaf00000, 0x0000000100000000)
  eden space 512K, 0% used [0x00000000eab00000,0x00000000eab00000,0x00000000eab80000)
  from space 1536K, 29% used [0x00000000eac00000,0x00000000eac70000,0x00000000ead80000)
  to   space 1024K, 0% used [0x00000000eae00000,0x00000000eae00000,0x00000000eaf00000)
 ParOldGen       total 340992K, used 340919K [0x00000000c0000000, 0x00000000d4d00000, 0x00000000eab00000)
  object space 340992K, 99% used [0x00000000c0000000,0x00000000d4cedd00,0x00000000d4d00000)
 Metaspace       used 63389K, committed 64960K, reserved 1114112K
  class space    used 6464K, committed 7168K, reserved 1048576K
}
Event: 10.687 GC heap after
{Heap after GC invocations=211 (full 3):
 PSYoungGen      total 1536K, used 0K [0x00000000eab00000, 0x00000000eae80000, 0x0000000100000000)
  eden space 1024K, 0% used [0x00000000eab00000,0x00000000eab00000,0x00000000eac00000)
  from space 512K, 0% used [0x00000000eae00000,0x00000000eae00000,0x00000000eae80000)
  to   space 512K, 0% used [0x00000000ead80000,0x00000000ead80000,0x00000000eae00000)
 ParOldGen       total 341504K, used 341253K [0x00000000c0000000, 0x00000000d4d80000, 0x00000000eab00000)
  object space 341504K, 99% used [0x00000000c0000000,0x00000000d4d417a8,0x00000000d4d80000)
 Metaspace       used 63389K, committed 64960K, reserved 1114112K
  class space    used 6464K, committed 7168K, reserved 1048576K
}
Event: 10.687 GC heap before
{Heap before GC invocations=212 (full 4):
 PSYoungGen      total 1536K, used 0K [0x00000000eab00000, 0x00000000eae80000, 0x0000000100000000)
  eden space 1024K, 0% used [0x00000000eab00000,0x00000000eab00000,0x00000000eac00000)
  from space 512K, 0% used [0x00000000eae00000,0x00000000eae00000,0x00000000eae80000)
  to   space 512K, 0% used [0x00000000ead80000,0x00000000ead80000,0x00000000eae00000)
 ParOldGen       total 341504K, used 341253K [0x00000000c0000000, 0x00000000d4d80000, 0x00000000eab00000)
  object space 341504K, 99% used [0x00000000c0000000,0x00000000d4d417a8,0x00000000d4d80000)
 Metaspace       used 63389K, committed 64960K, reserved 1114112K
  class space    used 6464K, committed 7168K, reserved 1048576K
}
Event: 10.840 GC heap after
{Heap after GC invocations=212 (full 4):
 PSYoungGen      total 2048K, used 0K [0x00000000eab00000, 0x00000000eae80000, 0x0000000100000000)
  eden space 1536K, 0% used [0x00000000eab00000,0x00000000eab00000,0x00000000eac80000)
  from space 512K, 0% used [0x00000000ead80000,0x00000000ead80000,0x00000000eae00000)
  to   space 512K, 0% used [0x00000000eae00000,0x00000000eae00000,0x00000000eae80000)
 ParOldGen       total 333312K, used 303644K [0x00000000c0000000, 0x00000000d4580000, 0x00000000eab00000)
  object space 333312K, 91% used [0x00000000c0000000,0x00000000d2887130,0x00000000d4580000)
 Metaspace       used 63382K, committed 64960K, reserved 1114112K
  class space    used 6462K, committed 7168K, reserved 1048576K
}
Event: 10.865 GC heap before
{Heap before GC invocations=213 (full 4):
 PSYoungGen      total 2048K, used 1536K [0x00000000eab00000, 0x00000000eae80000, 0x0000000100000000)
  eden space 1536K, 100% used [0x00000000eab00000,0x00000000eac80000,0x00000000eac80000)
  from space 512K, 0% used [0x00000000ead80000,0x00000000ead80000,0x00000000eae00000)
  to   space 512K, 0% used [0x00000000eae00000,0x00000000eae00000,0x00000000eae80000)
 ParOldGen       total 333312K, used 303644K [0x00000000c0000000, 0x00000000d4580000, 0x00000000eab00000)
  object space 333312K, 91% used [0x00000000c0000000,0x00000000d2887130,0x00000000d4580000)
 Metaspace       used 63382K, committed 64960K, reserved 1114112K
  class space    used 6462K, committed 7168K, reserved 1048576K
}
Event: 10.868 GC heap after
{Heap after GC invocations=213 (full 4):
 PSYoungGen      total 2560K, used 416K [0x00000000eab00000, 0x00000000eae80000, 0x0000000100000000)
  eden space 2048K, 0% used [0x00000000eab00000,0x00000000eab00000,0x00000000ead00000)
  from space 512K, 81% used [0x00000000eae00000,0x00000000eae68000,0x00000000eae80000)
  to   space 512K, 0% used [0x00000000ead80000,0x00000000ead80000,0x00000000eae00000)
 ParOldGen       total 333312K, used 306332K [0x00000000c0000000, 0x00000000d4580000, 0x00000000eab00000)
  object space 333312K, 91% used [0x00000000c0000000,0x00000000d2b27130,0x00000000d4580000)
 Metaspace       used 63382K, committed 64960K, reserved 1114112K
  class space    used 6462K, committed 7168K, reserved 1048576K
}
Event: 10.893 GC heap before
{Heap before GC invocations=214 (full 4):
 PSYoungGen      total 2560K, used 2464K [0x00000000eab00000, 0x00000000eae80000, 0x0000000100000000)
  eden space 2048K, 100% used [0x00000000eab00000,0x00000000ead00000,0x00000000ead00000)
  from space 512K, 81% used [0x00000000eae00000,0x00000000eae68000,0x00000000eae80000)
  to   space 512K, 0% used [0x00000000ead80000,0x00000000ead80000,0x00000000eae00000)
 ParOldGen       total 333312K, used 306332K [0x00000000c0000000, 0x00000000d4580000, 0x00000000eab00000)
  object space 333312K, 91% used [0x00000000c0000000,0x00000000d2b27130,0x00000000d4580000)
 Metaspace       used 63382K, committed 64960K, reserved 1114112K
  class space    used 6462K, committed 7168K, reserved 1048576K
}
Event: 10.895 GC heap after
{Heap after GC invocations=214 (full 4):
 PSYoungGen      total 3072K, used 487K [0x00000000eab00000, 0x00000000eb380000, 0x0000000100000000)
  eden space 2560K, 0% used [0x00000000eab00000,0x00000000eab00000,0x00000000ead80000)
  from space 512K, 95% used [0x00000000ead80000,0x00000000eadf9fa0,0x00000000eae00000)
  to   space 3072K, 0% used [0x00000000eb080000,0x00000000eb080000,0x00000000eb380000)
 ParOldGen       total 333312K, used 308108K [0x00000000c0000000, 0x00000000d4580000, 0x00000000eab00000)
  object space 333312K, 92% used [0x00000000c0000000,0x00000000d2ce3000,0x00000000d4580000)
 Metaspace       used 63382K, committed 64960K, reserved 1114112K
  class space    used 6462K, committed 7168K, reserved 1048576K
}
Event: 10.933 GC heap before
{Heap before GC invocations=215 (full 4):
 PSYoungGen      total 3072K, used 3047K [0x00000000eab00000, 0x00000000eb380000, 0x0000000100000000)
  eden space 2560K, 100% used [0x00000000eab00000,0x00000000ead80000,0x00000000ead80000)
  from space 512K, 95% used [0x00000000ead80000,0x00000000eadf9fa0,0x00000000eae00000)
  to   space 3072K, 0% used [0x00000000eb080000,0x00000000eb080000,0x00000000eb380000)
 ParOldGen       total 333312K, used 308108K [0x00000000c0000000, 0x00000000d4580000, 0x00000000eab00000)
  object space 333312K, 92% used [0x00000000c0000000,0x00000000d2ce3000,0x00000000d4580000)
 Metaspace       used 63403K, committed 64960K, reserved 1114112K
  class space    used 6463K, committed 7168K, reserved 1048576K
}
Event: 10.936 GC heap after
{Heap after GC invocations=215 (full 4):
 PSYoungGen      total 5632K, used 2599K [0x00000000eab00000, 0x00000000eb400000, 0x0000000100000000)
  eden space 2560K, 0% used [0x00000000eab00000,0x00000000eab00000,0x00000000ead80000)
  from space 3072K, 84% used [0x00000000eb080000,0x00000000eb309d80,0x00000000eb380000)
  to   space 3072K, 0% used [0x00000000ead80000,0x00000000ead80000,0x00000000eb080000)
 ParOldGen       total 333312K, used 308623K [0x00000000c0000000, 0x00000000d4580000, 0x00000000eab00000)
  object space 333312K, 92% used [0x00000000c0000000,0x00000000d2d63f70,0x00000000d4580000)
 Metaspace       used 63403K, committed 64960K, reserved 1114112K
  class space    used 6463K, committed 7168K, reserved 1048576K
}
Event: 10.948 GC heap before
{Heap before GC invocations=216 (full 4):
 PSYoungGen      total 5632K, used 5159K [0x00000000eab00000, 0x00000000eb400000, 0x0000000100000000)
  eden space 2560K, 100% used [0x00000000eab00000,0x00000000ead80000,0x00000000ead80000)
  from space 3072K, 84% used [0x00000000eb080000,0x00000000eb309d80,0x00000000eb380000)
  to   space 3072K, 0% used [0x00000000ead80000,0x00000000ead80000,0x00000000eb080000)
 ParOldGen       total 333312K, used 308623K [0x00000000c0000000, 0x00000000d4580000, 0x00000000eab00000)
  object space 333312K, 92% used [0x00000000c0000000,0x00000000d2d63f70,0x00000000d4580000)
 Metaspace       used 63492K, committed 65024K, reserved 1114112K
  class space    used 6468K, committed 7168K, reserved 1048576K
}
Event: 10.951 GC heap after
{Heap after GC invocations=216 (full 4):
 PSYoungGen      total 5632K, used 1843K [0x00000000eab00000, 0x00000000eb300000, 0x0000000100000000)
  eden space 2560K, 0% used [0x00000000eab00000,0x00000000eab00000,0x00000000ead80000)
  from space 3072K, 60% used [0x00000000ead80000,0x00000000eaf4cff0,0x00000000eb080000)
  to   space 2560K, 0% used [0x00000000eb080000,0x00000000eb080000,0x00000000eb300000)
 ParOldGen       total 333312K, used 311115K [0x00000000c0000000, 0x00000000d4580000, 0x00000000eab00000)
  object space 333312K, 93% used [0x00000000c0000000,0x00000000d2fd2c78,0x00000000d4580000)
 Metaspace       used 63492K, committed 65024K, reserved 1114112K
  class space    used 6468K, committed 7168K, reserved 1048576K
}

