# JRE version: OpenJDK Runtime Environment Temurin-21.0.7+6 (21.0.7+6) (build 21.0.7+6-LTS)
# Java VM: OpenJDK 64-Bit Server VM Temurin-21.0.7+6 (21.0.7+6-LTS, mixed mode, sharing, tiered, compressed oops, compressed class ptrs, parallel gc, windows-amd64)
GC Precious Log:
 CardTable entry size: 512
 CPUs: 16 total, 16 available
 Memory: 7812M
 Large Page Support: Disabled
 NUMA Support: Disabled
 Compressed Oops: Enabled (32-bit)
 Alignments: Space 512K, Generation 512K, Heap 2M
 Heap Min Capacity: 100M
 Heap Initial Capacity: 100M
 Heap Max Capacity: 1G
 Pre-touch: Disabled
 Parallel Workers: 13
Heap:
 PSYoungGen      total 11264K, used 11128K [0x00000000eab00000, 0x00000000eb880000, 0x0000000100000000)
  eden space 8704K, 100% used [0x00000000eab00000,0x00000000eb380000,0x00000000eb380000)
  from space 2560K, 94% used [0x00000000eb380000,0x00000000eb5de2b0,0x00000000eb600000)
  to   space 2560K, 75% used [0x00000000eb600000,0x00000000eb7e22a8,0x00000000eb880000)
 ParOldGen       total 131072K, used 130955K [0x00000000c0000000, 0x00000000c8000000, 0x00000000eab00000)
  object space 131072K, 99% used [0x00000000c0000000,0x00000000c7fe2de0,0x00000000c8000000)
 Metaspace       used 58117K, committed 59520K, reserved 1114112K
  class space    used 5968K, committed 6592K, reserved 1048576K
GC Heap History (20 events):
Event: 6.409 GC heap before
{Heap before GC invocations=58 (full 2):
 PSYoungGen      total 13312K, used 13291K [0x00000000eab00000, 0x00000000ebf80000, 0x0000000100000000)
  eden space 10752K, 100% used [0x00000000eab00000,0x00000000eb580000,0x00000000eb580000)
  from space 2560K, 99% used [0x00000000eb580000,0x00000000eb7fac00,0x00000000eb800000)
  to   space 5120K, 0% used [0x00000000eba80000,0x00000000eba80000,0x00000000ebf80000)
 ParOldGen       total 107520K, used 107469K [0x00000000c0000000, 0x00000000c6900000, 0x00000000eab00000)
  object space 107520K, 99% used [0x00000000c0000000,0x00000000c68f37c8,0x00000000c6900000)
 Metaspace       used 56217K, committed 57600K, reserved 1114112K
  class space    used 5852K, committed 6464K, reserved 1048576K
}
Event: 6.412 GC heap after
{Heap after GC invocations=58 (full 2):
 PSYoungGen      total 13824K, used 2582K [0x00000000eab00000, 0x00000000ebd80000, 0x0000000100000000)
  eden space 10752K, 0% used [0x00000000eab00000,0x00000000eab00000,0x00000000eb580000)
  from space 3072K, 84% used [0x00000000eba80000,0x00000000ebd05ad0,0x00000000ebd80000)
  to   space 3584K, 0% used [0x00000000eb680000,0x00000000eb680000,0x00000000eba00000)
 ParOldGen       total 110080K, used 109844K [0x00000000c0000000, 0x00000000c6b80000, 0x00000000eab00000)
  object space 110080K, 99% used [0x00000000c0000000,0x00000000c6b45268,0x00000000c6b80000)
 Metaspace       used 56217K, committed 57600K, reserved 1114112K
  class space    used 5852K, committed 6464K, reserved 1048576K
}
Event: 6.473 GC heap before
{Heap before GC invocations=59 (full 2):
 PSYoungGen      total 13824K, used 13334K [0x00000000eab00000, 0x00000000ebd80000, 0x0000000100000000)
  eden space 10752K, 100% used [0x00000000eab00000,0x00000000eb580000,0x00000000eb580000)
  from space 3072K, 84% used [0x00000000eba80000,0x00000000ebd05ad0,0x00000000ebd80000)
  to   space 3584K, 0% used [0x00000000eb680000,0x00000000eb680000,0x00000000eba00000)
 ParOldGen       total 110080K, used 109844K [0x00000000c0000000, 0x00000000c6b80000, 0x00000000eab00000)
  object space 110080K, 99% used [0x00000000c0000000,0x00000000c6b45268,0x00000000c6b80000)
 Metaspace       used 56353K, committed 57728K, reserved 1114112K
  class space    used 5858K, committed 6464K, reserved 1048576K
}
Event: 6.476 GC heap after
{Heap after GC invocations=59 (full 2):
 PSYoungGen      total 13312K, used 2512K [0x00000000eab00000, 0x00000000ebb80000, 0x0000000100000000)
  eden space 10752K, 0% used [0x00000000eab00000,0x00000000eab00000,0x00000000eb580000)
  from space 2560K, 98% used [0x00000000eb680000,0x00000000eb8f41c0,0x00000000eb900000)
  to   space 2560K, 0% used [0x00000000eb900000,0x00000000eb900000,0x00000000ebb80000)
 ParOldGen       total 112640K, used 112231K [0x00000000c0000000, 0x00000000c6e00000, 0x00000000eab00000)
  object space 112640K, 99% used [0x00000000c0000000,0x00000000c6d99f90,0x00000000c6e00000)
 Metaspace       used 56353K, committed 57728K, reserved 1114112K
  class space    used 5858K, committed 6464K, reserved 1048576K
}
Event: 6.539 GC heap before
{Heap before GC invocations=60 (full 2):
 PSYoungGen      total 13312K, used 13264K [0x00000000eab00000, 0x00000000ebb80000, 0x0000000100000000)
  eden space 10752K, 100% used [0x00000000eab00000,0x00000000eb580000,0x00000000eb580000)
  from space 2560K, 98% used [0x00000000eb680000,0x00000000eb8f41c0,0x00000000eb900000)
  to   space 2560K, 0% used [0x00000000eb900000,0x00000000eb900000,0x00000000ebb80000)
 ParOldGen       total 112640K, used 112231K [0x00000000c0000000, 0x00000000c6e00000, 0x00000000eab00000)
  object space 112640K, 99% used [0x00000000c0000000,0x00000000c6d99f90,0x00000000c6e00000)
 Metaspace       used 56476K, committed 57920K, reserved 1114112K
  class space    used 5869K, committed 6528K, reserved 1048576K
}
Event: 6.542 GC heap after
{Heap after GC invocations=60 (full 2):
 PSYoungGen      total 11264K, used 2545K [0x00000000eab00000, 0x00000000ec080000, 0x0000000100000000)
  eden space 8704K, 0% used [0x00000000eab00000,0x00000000eab00000,0x00000000eb380000)
  from space 2560K, 99% used [0x00000000eb900000,0x00000000ebb7c6b8,0x00000000ebb80000)
  to   space 5632K, 0% used [0x00000000eb380000,0x00000000eb380000,0x00000000eb900000)
 ParOldGen       total 114688K, used 114545K [0x00000000c0000000, 0x00000000c7000000, 0x00000000eab00000)
  object space 114688K, 99% used [0x00000000c0000000,0x00000000c6fdc668,0x00000000c7000000)
 Metaspace       used 56476K, committed 57920K, reserved 1114112K
  class space    used 5869K, committed 6528K, reserved 1048576K
}
Event: 6.605 GC heap before
{Heap before GC invocations=61 (full 2):
 PSYoungGen      total 11264K, used 11249K [0x00000000eab00000, 0x00000000ec080000, 0x0000000100000000)
  eden space 8704K, 100% used [0x00000000eab00000,0x00000000eb380000,0x00000000eb380000)
  from space 2560K, 99% used [0x00000000eb900000,0x00000000ebb7c6b8,0x00000000ebb80000)
  to   space 5632K, 0% used [0x00000000eb380000,0x00000000eb380000,0x00000000eb900000)
 ParOldGen       total 114688K, used 114545K [0x00000000c0000000, 0x00000000c7000000, 0x00000000eab00000)
  object space 114688K, 99% used [0x00000000c0000000,0x00000000c6fdc668,0x00000000c7000000)
 Metaspace       used 56696K, committed 58112K, reserved 1114112K
  class space    used 5871K, committed 6528K, reserved 1048576K
}
Event: 6.608 GC heap after
{Heap after GC invocations=61 (full 2):
 PSYoungGen      total 11264K, used 2105K [0x00000000eab00000, 0x00000000eba80000, 0x0000000100000000)
  eden space 8704K, 0% used [0x00000000eab00000,0x00000000eab00000,0x00000000eb380000)
  from space 2560K, 82% used [0x00000000eb380000,0x00000000eb58e548,0x00000000eb600000)
  to   space 3584K, 0% used [0x00000000eb700000,0x00000000eb700000,0x00000000eba80000)
 ParOldGen       total 117248K, used 116913K [0x00000000c0000000, 0x00000000c7280000, 0x00000000eab00000)
  object space 117248K, 99% used [0x00000000c0000000,0x00000000c722c568,0x00000000c7280000)
 Metaspace       used 56696K, committed 58112K, reserved 1114112K
  class space    used 5871K, committed 6528K, reserved 1048576K
}
Event: 6.695 GC heap before
{Heap before GC invocations=62 (full 2):
 PSYoungGen      total 11264K, used 10677K [0x00000000eab00000, 0x00000000eba80000, 0x0000000100000000)
  eden space 8704K, 98% used [0x00000000eab00000,0x00000000eb35f080,0x00000000eb380000)
  from space 2560K, 82% used [0x00000000eb380000,0x00000000eb58e548,0x00000000eb600000)
  to   space 3584K, 0% used [0x00000000eb700000,0x00000000eb700000,0x00000000eba80000)
 ParOldGen       total 117248K, used 116913K [0x00000000c0000000, 0x00000000c7280000, 0x00000000eab00000)
  object space 117248K, 99% used [0x00000000c0000000,0x00000000c722c568,0x00000000c7280000)
 Metaspace       used 56964K, committed 58432K, reserved 1114112K
  class space    used 5874K, committed 6528K, reserved 1048576K
}
Event: 6.697 GC heap after
{Heap after GC invocations=62 (full 2):
 PSYoungGen      total 10752K, used 1842K [0x00000000eab00000, 0x00000000eb900000, 0x0000000100000000)
  eden space 8704K, 0% used [0x00000000eab00000,0x00000000eab00000,0x00000000eb380000)
  from space 2048K, 89% used [0x00000000eb700000,0x00000000eb8cca70,0x00000000eb900000)
  to   space 2560K, 0% used [0x00000000eb400000,0x00000000eb400000,0x00000000eb680000)
 ParOldGen       total 119296K, used 118812K [0x00000000c0000000, 0x00000000c7480000, 0x00000000eab00000)
  object space 119296K, 99% used [0x00000000c0000000,0x00000000c74071b0,0x00000000c7480000)
 Metaspace       used 56964K, committed 58432K, reserved 1114112K
  class space    used 5874K, committed 6528K, reserved 1048576K
}
Event: 6.769 GC heap before
{Heap before GC invocations=63 (full 2):
 PSYoungGen      total 10752K, used 10546K [0x00000000eab00000, 0x00000000eb900000, 0x0000000100000000)
  eden space 8704K, 100% used [0x00000000eab00000,0x00000000eb380000,0x00000000eb380000)
  from space 2048K, 89% used [0x00000000eb700000,0x00000000eb8cca70,0x00000000eb900000)
  to   space 2560K, 0% used [0x00000000eb400000,0x00000000eb400000,0x00000000eb680000)
 ParOldGen       total 119296K, used 118812K [0x00000000c0000000, 0x00000000c7480000, 0x00000000eab00000)
  object space 119296K, 99% used [0x00000000c0000000,0x00000000c74071b0,0x00000000c7480000)
 Metaspace       used 57280K, committed 58688K, reserved 1114112K
  class space    used 5881K, committed 6528K, reserved 1048576K
}
Event: 6.773 GC heap after
{Heap after GC invocations=63 (full 2):
 PSYoungGen      total 10752K, used 1639K [0x00000000eab00000, 0x00000000eb780000, 0x0000000100000000)
  eden space 8704K, 0% used [0x00000000eab00000,0x00000000eab00000,0x00000000eb380000)
  from space 2048K, 80% used [0x00000000eb400000,0x00000000eb599ca8,0x00000000eb600000)
  to   space 1536K, 0% used [0x00000000eb600000,0x00000000eb600000,0x00000000eb780000)
 ParOldGen       total 122880K, used 122209K [0x00000000c0000000, 0x00000000c7800000, 0x00000000eab00000)
  object space 122880K, 99% used [0x00000000c0000000,0x00000000c7758688,0x00000000c7800000)
 Metaspace       used 57280K, committed 58688K, reserved 1114112K
  class space    used 5881K, committed 6528K, reserved 1048576K
}
Event: 6.799 GC heap before
{Heap before GC invocations=64 (full 2):
 PSYoungGen      total 10752K, used 10343K [0x00000000eab00000, 0x00000000eb780000, 0x0000000100000000)
  eden space 8704K, 100% used [0x00000000eab00000,0x00000000eb380000,0x00000000eb380000)
  from space 2048K, 80% used [0x00000000eb400000,0x00000000eb599ca8,0x00000000eb600000)
  to   space 1536K, 0% used [0x00000000eb600000,0x00000000eb600000,0x00000000eb780000)
 ParOldGen       total 122880K, used 122209K [0x00000000c0000000, 0x00000000c7800000, 0x00000000eab00000)
  object space 122880K, 99% used [0x00000000c0000000,0x00000000c7758688,0x00000000c7800000)
 Metaspace       used 57382K, committed 58752K, reserved 1114112K
  class space    used 5891K, committed 6528K, reserved 1048576K
}
Event: 6.801 GC heap after
{Heap after GC invocations=64 (full 2):
 PSYoungGen      total 10240K, used 1525K [0x00000000eab00000, 0x00000000eb780000, 0x0000000100000000)
  eden space 8704K, 0% used [0x00000000eab00000,0x00000000eab00000,0x00000000eb380000)
  from space 1536K, 99% used [0x00000000eb600000,0x00000000eb77d4b0,0x00000000eb780000)
  to   space 2048K, 0% used [0x00000000eb400000,0x00000000eb400000,0x00000000eb600000)
 ParOldGen       total 124416K, used 124013K [0x00000000c0000000, 0x00000000c7980000, 0x00000000eab00000)
  object space 124416K, 99% used [0x00000000c0000000,0x00000000c791b638,0x00000000c7980000)
 Metaspace       used 57382K, committed 58752K, reserved 1114112K
  class space    used 5891K, committed 6528K, reserved 1048576K
}
Event: 6.824 GC heap before
{Heap before GC invocations=65 (full 2):
 PSYoungGen      total 10240K, used 10229K [0x00000000eab00000, 0x00000000eb780000, 0x0000000100000000)
  eden space 8704K, 100% used [0x00000000eab00000,0x00000000eb380000,0x00000000eb380000)
  from space 1536K, 99% used [0x00000000eb600000,0x00000000eb77d4b0,0x00000000eb780000)
  to   space 2048K, 0% used [0x00000000eb400000,0x00000000eb400000,0x00000000eb600000)
 ParOldGen       total 124416K, used 124013K [0x00000000c0000000, 0x00000000c7980000, 0x00000000eab00000)
  object space 124416K, 99% used [0x00000000c0000000,0x00000000c791b638,0x00000000c7980000)
 Metaspace       used 57634K, committed 59008K, reserved 1114112K
  class space    used 5913K, committed 6528K, reserved 1048576K
}
Event: 6.825 GC heap after
{Heap after GC invocations=65 (full 2):
 PSYoungGen      total 10752K, used 1952K [0x00000000eab00000, 0x00000000eb880000, 0x0000000100000000)
  eden space 8704K, 0% used [0x00000000eab00000,0x00000000eab00000,0x00000000eb380000)
  from space 2048K, 95% used [0x00000000eb400000,0x00000000eb5e8000,0x00000000eb600000)
  to   space 2560K, 0% used [0x00000000eb600000,0x00000000eb600000,0x00000000eb880000)
 ParOldGen       total 125952K, used 125536K [0x00000000c0000000, 0x00000000c7b00000, 0x00000000eab00000)
  object space 125952K, 99% used [0x00000000c0000000,0x00000000c7a98220,0x00000000c7b00000)
 Metaspace       used 57634K, committed 59008K, reserved 1114112K
  class space    used 5913K, committed 6528K, reserved 1048576K
}
Event: 6.846 GC heap before
{Heap before GC invocations=66 (full 2):
 PSYoungGen      total 10752K, used 10656K [0x00000000eab00000, 0x00000000eb880000, 0x0000000100000000)
  eden space 8704K, 100% used [0x00000000eab00000,0x00000000eb380000,0x00000000eb380000)
  from space 2048K, 95% used [0x00000000eb400000,0x00000000eb5e8000,0x00000000eb600000)
  to   space 2560K, 0% used [0x00000000eb600000,0x00000000eb600000,0x00000000eb880000)
 ParOldGen       total 125952K, used 125536K [0x00000000c0000000, 0x00000000c7b00000, 0x00000000eab00000)
  object space 125952K, 99% used [0x00000000c0000000,0x00000000c7a98220,0x00000000c7b00000)
 Metaspace       used 57801K, committed 59200K, reserved 1114112K
  class space    used 5933K, committed 6592K, reserved 1048576K
}
Event: 6.848 GC heap after
{Heap after GC invocations=66 (full 2):
 PSYoungGen      total 11264K, used 2016K [0x00000000eab00000, 0x00000000eb880000, 0x0000000100000000)
  eden space 8704K, 0% used [0x00000000eab00000,0x00000000eab00000,0x00000000eb380000)
  from space 2560K, 78% used [0x00000000eb600000,0x00000000eb7f8000,0x00000000eb880000)
  to   space 2560K, 0% used [0x00000000eb380000,0x00000000eb380000,0x00000000eb600000)
 ParOldGen       total 127488K, used 127323K [0x00000000c0000000, 0x00000000c7c80000, 0x00000000eab00000)
  object space 127488K, 99% used [0x00000000c0000000,0x00000000c7c56d38,0x00000000c7c80000)
 Metaspace       used 57801K, committed 59200K, reserved 1114112K
  class space    used 5933K, committed 6592K, reserved 1048576K
}
Event: 6.868 GC heap before
{Heap before GC invocations=67 (full 2):
 PSYoungGen      total 11264K, used 10720K [0x00000000eab00000, 0x00000000eb880000, 0x0000000100000000)
  eden space 8704K, 100% used [0x00000000eab00000,0x00000000eb380000,0x00000000eb380000)
  from space 2560K, 78% used [0x00000000eb600000,0x00000000eb7f8000,0x00000000eb880000)
  to   space 2560K, 0% used [0x00000000eb380000,0x00000000eb380000,0x00000000eb600000)
 ParOldGen       total 127488K, used 127323K [0x00000000c0000000, 0x00000000c7c80000, 0x00000000eab00000)
  object space 127488K, 99% used [0x00000000c0000000,0x00000000c7c56d38,0x00000000c7c80000)
 Metaspace       used 57891K, committed 59328K, reserved 1114112K
  class space    used 5944K, committed 6592K, reserved 1048576K
}
Event: 6.869 GC heap after
{Heap after GC invocations=67 (full 2):
 PSYoungGen      total 11264K, used 2424K [0x00000000eab00000, 0x00000000eb880000, 0x0000000100000000)
  eden space 8704K, 0% used [0x00000000eab00000,0x00000000eab00000,0x00000000eb380000)
  from space 2560K, 94% used [0x00000000eb380000,0x00000000eb5de2b0,0x00000000eb600000)
  to   space 2560K, 0% used [0x00000000eb600000,0x00000000eb600000,0x00000000eb880000)
 ParOldGen       total 129536K, used 129108K [0x00000000c0000000, 0x00000000c7e80000, 0x00000000eab00000)
  object space 129536K, 99% used [0x00000000c0000000,0x00000000c7e15048,0x00000000c7e80000)
 Metaspace       used 57891K, committed 59328K, reserved 1114112K
  class space    used 5944K, committed 6592K, reserved 1048576K
}

