# JRE version: OpenJDK Runtime Environment Temurin-21.0.7+6 (21.0.7+6) (build 21.0.7+6-LTS)
# Java VM: OpenJDK 64-Bit Server VM Temurin-21.0.7+6 (21.0.7+6-LTS, mixed mode, sharing, tiered, compressed oops, compressed class ptrs, parallel gc, windows-amd64)
GC Precious Log:
 CardTable entry size: 512
 CPUs: 16 total, 16 available
 Memory: 7812M
 Large Page Support: Disabled
 NUMA Support: Disabled
 Compressed Oops: Enabled (32-bit)
 Alignments: Space 512K, Generation 512K, Heap 2M
 Heap Min Capacity: 100M
 Heap Initial Capacity: 100M
 Heap Max Capacity: 1G
 Pre-touch: Disabled
 Parallel Workers: 13
Heap:
 PSYoungGen      total 25088K, used 22046K [0x00000000eab00000, 0x00000000ec880000, 0x0000000100000000)
  eden space 21504K, 86% used [0x00000000eab00000,0x00000000ebd14cb0,0x00000000ec000000)
  from space 3584K, 98% used [0x00000000ec400000,0x00000000ec772c20,0x00000000ec780000)
  to   space 4096K, 0% used [0x00000000ec000000,0x00000000ec000000,0x00000000ec400000)
 ParOldGen       total 68608K, used 49407K [0x00000000c0000000, 0x00000000c4300000, 0x00000000eab00000)
  object space 68608K, 72% used [0x00000000c0000000,0x00000000c303fc60,0x00000000c4300000)
 Metaspace       used 46408K, committed 47616K, reserved 1114112K
  class space    used 4780K, committed 5312K, reserved 1048576K
GC Heap History (20 events):
Event: 4.492 GC heap before
{Heap before GC invocations=19 (full 2):
 PSYoungGen      total 24576K, used 24081K [0x00000000eab00000, 0x00000000ec600000, 0x0000000100000000)
  eden space 22016K, 100% used [0x00000000eab00000,0x00000000ec080000,0x00000000ec080000)
  from space 2560K, 80% used [0x00000000ec380000,0x00000000ec584410,0x00000000ec600000)
  to   space 2560K, 0% used [0x00000000ec080000,0x00000000ec080000,0x00000000ec300000)
 ParOldGen       total 68608K, used 24149K [0x00000000c0000000, 0x00000000c4300000, 0x00000000eab00000)
  object space 68608K, 35% used [0x00000000c0000000,0x00000000c17955b0,0x00000000c4300000)
 Metaspace       used 38911K, committed 40192K, reserved 1114112K
  class space    used 3922K, committed 4480K, reserved 1048576K
}
Event: 4.494 GC heap after
{Heap after GC invocations=19 (full 2):
 PSYoungGen      total 24576K, used 2551K [0x00000000eab00000, 0x00000000ec680000, 0x0000000100000000)
  eden space 22016K, 0% used [0x00000000eab00000,0x00000000eab00000,0x00000000ec080000)
  from space 2560K, 99% used [0x00000000ec080000,0x00000000ec2fdf18,0x00000000ec300000)
  to   space 3072K, 0% used [0x00000000ec380000,0x00000000ec380000,0x00000000ec680000)
 ParOldGen       total 68608K, used 26010K [0x00000000c0000000, 0x00000000c4300000, 0x00000000eab00000)
  object space 68608K, 37% used [0x00000000c0000000,0x00000000c1966b78,0x00000000c4300000)
 Metaspace       used 38911K, committed 40192K, reserved 1114112K
  class space    used 3922K, committed 4480K, reserved 1048576K
}
Event: 4.558 GC heap before
{Heap before GC invocations=20 (full 2):
 PSYoungGen      total 24576K, used 24567K [0x00000000eab00000, 0x00000000ec680000, 0x0000000100000000)
  eden space 22016K, 100% used [0x00000000eab00000,0x00000000ec080000,0x00000000ec080000)
  from space 2560K, 99% used [0x00000000ec080000,0x00000000ec2fdf18,0x00000000ec300000)
  to   space 3072K, 0% used [0x00000000ec380000,0x00000000ec380000,0x00000000ec680000)
 ParOldGen       total 68608K, used 26010K [0x00000000c0000000, 0x00000000c4300000, 0x00000000eab00000)
  object space 68608K, 37% used [0x00000000c0000000,0x00000000c1966b78,0x00000000c4300000)
 Metaspace       used 39531K, committed 40768K, reserved 1114112K
  class space    used 4007K, committed 4544K, reserved 1048576K
}
Event: 4.561 GC heap after
{Heap after GC invocations=20 (full 2):
 PSYoungGen      total 25088K, used 2685K [0x00000000eab00000, 0x00000000ec680000, 0x0000000100000000)
  eden space 22016K, 0% used [0x00000000eab00000,0x00000000eab00000,0x00000000ec080000)
  from space 3072K, 87% used [0x00000000ec380000,0x00000000ec61f408,0x00000000ec680000)
  to   space 3072K, 0% used [0x00000000ec080000,0x00000000ec080000,0x00000000ec380000)
 ParOldGen       total 68608K, used 28297K [0x00000000c0000000, 0x00000000c4300000, 0x00000000eab00000)
  object space 68608K, 41% used [0x00000000c0000000,0x00000000c1ba2558,0x00000000c4300000)
 Metaspace       used 39531K, committed 40768K, reserved 1114112K
  class space    used 4007K, committed 4544K, reserved 1048576K
}
Event: 4.617 GC heap before
{Heap before GC invocations=21 (full 2):
 PSYoungGen      total 25088K, used 24701K [0x00000000eab00000, 0x00000000ec680000, 0x0000000100000000)
  eden space 22016K, 100% used [0x00000000eab00000,0x00000000ec080000,0x00000000ec080000)
  from space 3072K, 87% used [0x00000000ec380000,0x00000000ec61f408,0x00000000ec680000)
  to   space 3072K, 0% used [0x00000000ec080000,0x00000000ec080000,0x00000000ec380000)
 ParOldGen       total 68608K, used 28297K [0x00000000c0000000, 0x00000000c4300000, 0x00000000eab00000)
  object space 68608K, 41% used [0x00000000c0000000,0x00000000c1ba2558,0x00000000c4300000)
 Metaspace       used 39849K, committed 41088K, reserved 1114112K
  class space    used 4050K, committed 4608K, reserved 1048576K
}
Event: 4.619 GC heap after
{Heap after GC invocations=21 (full 2):
 PSYoungGen      total 25088K, used 2673K [0x00000000eab00000, 0x00000000ec680000, 0x0000000100000000)
  eden space 22016K, 0% used [0x00000000eab00000,0x00000000eab00000,0x00000000ec080000)
  from space 3072K, 87% used [0x00000000ec080000,0x00000000ec31c670,0x00000000ec380000)
  to   space 3072K, 0% used [0x00000000ec380000,0x00000000ec380000,0x00000000ec680000)
 ParOldGen       total 68608K, used 30596K [0x00000000c0000000, 0x00000000c4300000, 0x00000000eab00000)
  object space 68608K, 44% used [0x00000000c0000000,0x00000000c1de11b0,0x00000000c4300000)
 Metaspace       used 39849K, committed 41088K, reserved 1114112K
  class space    used 4050K, committed 4608K, reserved 1048576K
}
Event: 4.667 GC heap before
{Heap before GC invocations=22 (full 2):
 PSYoungGen      total 25088K, used 24689K [0x00000000eab00000, 0x00000000ec680000, 0x0000000100000000)
  eden space 22016K, 100% used [0x00000000eab00000,0x00000000ec080000,0x00000000ec080000)
  from space 3072K, 87% used [0x00000000ec080000,0x00000000ec31c670,0x00000000ec380000)
  to   space 3072K, 0% used [0x00000000ec380000,0x00000000ec380000,0x00000000ec680000)
 ParOldGen       total 68608K, used 30596K [0x00000000c0000000, 0x00000000c4300000, 0x00000000eab00000)
  object space 68608K, 44% used [0x00000000c0000000,0x00000000c1de11b0,0x00000000c4300000)
 Metaspace       used 40116K, committed 41344K, reserved 1114112K
  class space    used 4076K, committed 4608K, reserved 1048576K
}
Event: 4.669 GC heap after
{Heap after GC invocations=22 (full 2):
 PSYoungGen      total 25088K, used 2525K [0x00000000eab00000, 0x00000000ec680000, 0x0000000100000000)
  eden space 22016K, 0% used [0x00000000eab00000,0x00000000eab00000,0x00000000ec080000)
  from space 3072K, 82% used [0x00000000ec380000,0x00000000ec5f74d8,0x00000000ec680000)
  to   space 3072K, 0% used [0x00000000ec080000,0x00000000ec080000,0x00000000ec380000)
 ParOldGen       total 68608K, used 32963K [0x00000000c0000000, 0x00000000c4300000, 0x00000000eab00000)
  object space 68608K, 48% used [0x00000000c0000000,0x00000000c2030f40,0x00000000c4300000)
 Metaspace       used 40116K, committed 41344K, reserved 1114112K
  class space    used 4076K, committed 4608K, reserved 1048576K
}
Event: 4.713 GC heap before
{Heap before GC invocations=23 (full 2):
 PSYoungGen      total 25088K, used 24541K [0x00000000eab00000, 0x00000000ec680000, 0x0000000100000000)
  eden space 22016K, 100% used [0x00000000eab00000,0x00000000ec080000,0x00000000ec080000)
  from space 3072K, 82% used [0x00000000ec380000,0x00000000ec5f74d8,0x00000000ec680000)
  to   space 3072K, 0% used [0x00000000ec080000,0x00000000ec080000,0x00000000ec380000)
 ParOldGen       total 68608K, used 32963K [0x00000000c0000000, 0x00000000c4300000, 0x00000000eab00000)
  object space 68608K, 48% used [0x00000000c0000000,0x00000000c2030f40,0x00000000c4300000)
 Metaspace       used 40522K, committed 41792K, reserved 1114112K
  class space    used 4120K, committed 4672K, reserved 1048576K
}
Event: 4.716 GC heap after
{Heap after GC invocations=23 (full 2):
 PSYoungGen      total 25088K, used 3056K [0x00000000eab00000, 0x00000000ec780000, 0x0000000100000000)
  eden space 22016K, 0% used [0x00000000eab00000,0x00000000eab00000,0x00000000ec080000)
  from space 3072K, 99% used [0x00000000ec080000,0x00000000ec37c158,0x00000000ec380000)
  to   space 3584K, 0% used [0x00000000ec400000,0x00000000ec400000,0x00000000ec780000)
 ParOldGen       total 68608K, used 35264K [0x00000000c0000000, 0x00000000c4300000, 0x00000000eab00000)
  object space 68608K, 51% used [0x00000000c0000000,0x00000000c2270390,0x00000000c4300000)
 Metaspace       used 40522K, committed 41792K, reserved 1114112K
  class space    used 4120K, committed 4672K, reserved 1048576K
}
Event: 4.758 GC heap before
{Heap before GC invocations=24 (full 2):
 PSYoungGen      total 25088K, used 25072K [0x00000000eab00000, 0x00000000ec780000, 0x0000000100000000)
  eden space 22016K, 100% used [0x00000000eab00000,0x00000000ec080000,0x00000000ec080000)
  from space 3072K, 99% used [0x00000000ec080000,0x00000000ec37c158,0x00000000ec380000)
  to   space 3584K, 0% used [0x00000000ec400000,0x00000000ec400000,0x00000000ec780000)
 ParOldGen       total 68608K, used 35264K [0x00000000c0000000, 0x00000000c4300000, 0x00000000eab00000)
  object space 68608K, 51% used [0x00000000c0000000,0x00000000c2270390,0x00000000c4300000)
 Metaspace       used 40846K, committed 42048K, reserved 1114112K
  class space    used 4166K, committed 4672K, reserved 1048576K
}
Event: 4.760 GC heap after
{Heap after GC invocations=24 (full 2):
 PSYoungGen      total 25088K, used 2712K [0x00000000eab00000, 0x00000000ec700000, 0x0000000100000000)
  eden space 22016K, 0% used [0x00000000eab00000,0x00000000eab00000,0x00000000ec080000)
  from space 3072K, 88% used [0x00000000ec400000,0x00000000ec6a6048,0x00000000ec700000)
  to   space 3072K, 0% used [0x00000000ec080000,0x00000000ec080000,0x00000000ec380000)
 ParOldGen       total 68608K, used 38111K [0x00000000c0000000, 0x00000000c4300000, 0x00000000eab00000)
  object space 68608K, 55% used [0x00000000c0000000,0x00000000c2537f08,0x00000000c4300000)
 Metaspace       used 40846K, committed 42048K, reserved 1114112K
  class space    used 4166K, committed 4672K, reserved 1048576K
}
Event: 4.814 GC heap before
{Heap before GC invocations=25 (full 2):
 PSYoungGen      total 25088K, used 24598K [0x00000000eab00000, 0x00000000ec700000, 0x0000000100000000)
  eden space 22016K, 99% used [0x00000000eab00000,0x00000000ec05faa0,0x00000000ec080000)
  from space 3072K, 88% used [0x00000000ec400000,0x00000000ec6a6048,0x00000000ec700000)
  to   space 3072K, 0% used [0x00000000ec080000,0x00000000ec080000,0x00000000ec380000)
 ParOldGen       total 68608K, used 38111K [0x00000000c0000000, 0x00000000c4300000, 0x00000000eab00000)
  object space 68608K, 55% used [0x00000000c0000000,0x00000000c2537f08,0x00000000c4300000)
 Metaspace       used 41479K, committed 42688K, reserved 1114112K
  class space    used 4232K, committed 4736K, reserved 1048576K
}
Event: 4.818 GC heap after
{Heap after GC invocations=25 (full 2):
 PSYoungGen      total 25088K, used 3045K [0x00000000eab00000, 0x00000000ecc80000, 0x0000000100000000)
  eden space 22016K, 0% used [0x00000000eab00000,0x00000000eab00000,0x00000000ec080000)
  from space 3072K, 99% used [0x00000000ec080000,0x00000000ec379568,0x00000000ec380000)
  to   space 6144K, 0% used [0x00000000ec680000,0x00000000ec680000,0x00000000ecc80000)
 ParOldGen       total 68608K, used 40649K [0x00000000c0000000, 0x00000000c4300000, 0x00000000eab00000)
  object space 68608K, 59% used [0x00000000c0000000,0x00000000c27b2470,0x00000000c4300000)
 Metaspace       used 41479K, committed 42688K, reserved 1114112K
  class space    used 4232K, committed 4736K, reserved 1048576K
}
Event: 4.890 GC heap before
{Heap before GC invocations=26 (full 2):
 PSYoungGen      total 25088K, used 25061K [0x00000000eab00000, 0x00000000ecc80000, 0x0000000100000000)
  eden space 22016K, 100% used [0x00000000eab00000,0x00000000ec080000,0x00000000ec080000)
  from space 3072K, 99% used [0x00000000ec080000,0x00000000ec379568,0x00000000ec380000)
  to   space 6144K, 0% used [0x00000000ec680000,0x00000000ec680000,0x00000000ecc80000)
 ParOldGen       total 68608K, used 40649K [0x00000000c0000000, 0x00000000c4300000, 0x00000000eab00000)
  object space 68608K, 59% used [0x00000000c0000000,0x00000000c27b2470,0x00000000c4300000)
 Metaspace       used 42393K, committed 43712K, reserved 1114112K
  class space    used 4333K, committed 4864K, reserved 1048576K
}
Event: 4.895 GC heap after
{Heap after GC invocations=26 (full 2):
 PSYoungGen      total 25600K, used 3466K [0x00000000eab00000, 0x00000000eca00000, 0x0000000100000000)
  eden space 22016K, 0% used [0x00000000eab00000,0x00000000eab00000,0x00000000ec080000)
  from space 3584K, 96% used [0x00000000ec680000,0x00000000ec9e2ba0,0x00000000eca00000)
  to   space 4608K, 0% used [0x00000000ec100000,0x00000000ec100000,0x00000000ec580000)
 ParOldGen       total 68608K, used 43505K [0x00000000c0000000, 0x00000000c4300000, 0x00000000eab00000)
  object space 68608K, 63% used [0x00000000c0000000,0x00000000c2a7c5f8,0x00000000c4300000)
 Metaspace       used 42393K, committed 43712K, reserved 1114112K
  class space    used 4333K, committed 4864K, reserved 1048576K
}
Event: 4.968 GC heap before
{Heap before GC invocations=27 (full 2):
 PSYoungGen      total 25600K, used 25482K [0x00000000eab00000, 0x00000000eca00000, 0x0000000100000000)
  eden space 22016K, 100% used [0x00000000eab00000,0x00000000ec080000,0x00000000ec080000)
  from space 3584K, 96% used [0x00000000ec680000,0x00000000ec9e2ba0,0x00000000eca00000)
  to   space 4608K, 0% used [0x00000000ec100000,0x00000000ec100000,0x00000000ec580000)
 ParOldGen       total 68608K, used 43505K [0x00000000c0000000, 0x00000000c4300000, 0x00000000eab00000)
  object space 68608K, 63% used [0x00000000c0000000,0x00000000c2a7c5f8,0x00000000c4300000)
 Metaspace       used 43536K, committed 44800K, reserved 1114112K
  class space    used 4468K, committed 4992K, reserved 1048576K
}
Event: 4.971 GC heap after
{Heap after GC invocations=27 (full 2):
 PSYoungGen      total 25088K, used 3005K [0x00000000eab00000, 0x00000000ec780000, 0x0000000100000000)
  eden space 22016K, 0% used [0x00000000eab00000,0x00000000eab00000,0x00000000ec080000)
  from space 3072K, 97% used [0x00000000ec100000,0x00000000ec3ef570,0x00000000ec400000)
  to   space 3584K, 0% used [0x00000000ec400000,0x00000000ec400000,0x00000000ec780000)
 ParOldGen       total 68608K, used 46723K [0x00000000c0000000, 0x00000000c4300000, 0x00000000eab00000)
  object space 68608K, 68% used [0x00000000c0000000,0x00000000c2da0f80,0x00000000c4300000)
 Metaspace       used 43536K, committed 44800K, reserved 1114112K
  class space    used 4468K, committed 4992K, reserved 1048576K
}
Event: 5.059 GC heap before
{Heap before GC invocations=28 (full 2):
 PSYoungGen      total 25088K, used 25021K [0x00000000eab00000, 0x00000000ec780000, 0x0000000100000000)
  eden space 22016K, 100% used [0x00000000eab00000,0x00000000ec080000,0x00000000ec080000)
  from space 3072K, 97% used [0x00000000ec100000,0x00000000ec3ef570,0x00000000ec400000)
  to   space 3584K, 0% used [0x00000000ec400000,0x00000000ec400000,0x00000000ec780000)
 ParOldGen       total 68608K, used 46723K [0x00000000c0000000, 0x00000000c4300000, 0x00000000eab00000)
  object space 68608K, 68% used [0x00000000c0000000,0x00000000c2da0f80,0x00000000c4300000)
 Metaspace       used 44851K, committed 46016K, reserved 1114112K
  class space    used 4603K, committed 5120K, reserved 1048576K
}
Event: 5.063 GC heap after
{Heap after GC invocations=28 (full 2):
 PSYoungGen      total 25088K, used 3531K [0x00000000eab00000, 0x00000000ec880000, 0x0000000100000000)
  eden space 21504K, 0% used [0x00000000eab00000,0x00000000eab00000,0x00000000ec000000)
  from space 3584K, 98% used [0x00000000ec400000,0x00000000ec772c20,0x00000000ec780000)
  to   space 4096K, 0% used [0x00000000ec000000,0x00000000ec000000,0x00000000ec400000)
 ParOldGen       total 68608K, used 49407K [0x00000000c0000000, 0x00000000c4300000, 0x00000000eab00000)
  object space 68608K, 72% used [0x00000000c0000000,0x00000000c303fc60,0x00000000c4300000)
 Metaspace       used 44851K, committed 46016K, reserved 1114112K
  class space    used 4603K, committed 5120K, reserved 1048576K
}

