# JRE version: OpenJDK Runtime Environment Temurin-21.0.7+6 (21.0.7+6) (build 21.0.7+6-LTS)
# Java VM: OpenJDK 64-Bit Server VM Temurin-21.0.7+6 (21.0.7+6-LTS, mixed mode, sharing, tiered, compressed oops, compressed class ptrs, parallel gc, windows-amd64)
GC Precious Log:
 CardTable entry size: 512
 CPUs: 16 total, 16 available
 Memory: 7812M
 Large Page Support: Disabled
 NUMA Support: Disabled
 Compressed Oops: Enabled (32-bit)
 Alignments: Space 512K, Generation 512K, Heap 2M
 Heap Min Capacity: 100M
 Heap Initial Capacity: 100M
 Heap Max Capacity: 1G
 Pre-touch: Disabled
 Parallel Workers: 13
Heap:
 PSYoungGen      total 14848K, used 14450K [0x00000000eab00000, 0x00000000ebc00000, 0x0000000100000000)
  eden space 12288K, 99% used [0x00000000eab00000,0x00000000eb6f79f0,0x00000000eb700000)
  from space 2560K, 85% used [0x00000000eb700000,0x00000000eb924fa0,0x00000000eb980000)
  to   space 2560K, 0% used [0x00000000eb980000,0x00000000eb980000,0x00000000ebc00000)
 ParOldGen       total 91136K, used 90965K [0x00000000c0000000, 0x00000000c5900000, 0x00000000eab00000)
  object space 91136K, 99% used [0x00000000c0000000,0x00000000c58d55b8,0x00000000c5900000)
 Metaspace       used 57975K, committed 59392K, reserved 1114112K
  class space    used 5933K, committed 6592K, reserved 1048576K
GC Heap History (20 events):
Event: 17.807 GC heap before
{Heap before GC invocations=38 (full 2):
 PSYoungGen      total 18432K, used 17928K [0x00000000eab00000, 0x00000000ec100000, 0x0000000100000000)
  eden space 15360K, 100% used [0x00000000eab00000,0x00000000eba00000,0x00000000eba00000)
  from space 3072K, 83% used [0x00000000eba00000,0x00000000ebc82378,0x00000000ebd00000)
  to   space 3584K, 0% used [0x00000000ebd80000,0x00000000ebd80000,0x00000000ec100000)
 ParOldGen       total 68608K, used 68482K [0x00000000c0000000, 0x00000000c4300000, 0x00000000eab00000)
  object space 68608K, 99% used [0x00000000c0000000,0x00000000c42e0b50,0x00000000c4300000)
 Metaspace       used 53398K, committed 54784K, reserved 1114112K
  class space    used 5575K, committed 6208K, reserved 1048576K
}
Event: 17.809 GC heap after
{Heap after GC invocations=38 (full 2):
 PSYoungGen      total 17920K, used 2271K [0x00000000eab00000, 0x00000000ec000000, 0x0000000100000000)
  eden space 15360K, 0% used [0x00000000eab00000,0x00000000eab00000,0x00000000eba00000)
  from space 2560K, 88% used [0x00000000ebd80000,0x00000000ebfb7ea0,0x00000000ec000000)
  to   space 2560K, 0% used [0x00000000ebb00000,0x00000000ebb00000,0x00000000ebd80000)
 ParOldGen       total 71168K, used 70684K [0x00000000c0000000, 0x00000000c4580000, 0x00000000eab00000)
  object space 71168K, 99% used [0x00000000c0000000,0x00000000c4507190,0x00000000c4580000)
 Metaspace       used 53398K, committed 54784K, reserved 1114112K
  class space    used 5575K, committed 6208K, reserved 1048576K
}
Event: 17.842 GC heap before
{Heap before GC invocations=39 (full 2):
 PSYoungGen      total 17920K, used 17631K [0x00000000eab00000, 0x00000000ec000000, 0x0000000100000000)
  eden space 15360K, 100% used [0x00000000eab00000,0x00000000eba00000,0x00000000eba00000)
  from space 2560K, 88% used [0x00000000ebd80000,0x00000000ebfb7ea0,0x00000000ec000000)
  to   space 2560K, 0% used [0x00000000ebb00000,0x00000000ebb00000,0x00000000ebd80000)
 ParOldGen       total 71168K, used 70684K [0x00000000c0000000, 0x00000000c4580000, 0x00000000eab00000)
  object space 71168K, 99% used [0x00000000c0000000,0x00000000c4507190,0x00000000c4580000)
 Metaspace       used 53398K, committed 54784K, reserved 1114112K
  class space    used 5575K, committed 6208K, reserved 1048576K
}
Event: 17.844 GC heap after
{Heap after GC invocations=39 (full 2):
 PSYoungGen      total 17408K, used 1661K [0x00000000eab00000, 0x00000000ebe00000, 0x0000000100000000)
  eden space 15360K, 0% used [0x00000000eab00000,0x00000000eab00000,0x00000000eba00000)
  from space 2048K, 81% used [0x00000000ebb00000,0x00000000ebc9f5a8,0x00000000ebd00000)
  to   space 1024K, 0% used [0x00000000ebd00000,0x00000000ebd00000,0x00000000ebe00000)
 ParOldGen       total 72192K, used 71884K [0x00000000c0000000, 0x00000000c4680000, 0x00000000eab00000)
  object space 72192K, 99% used [0x00000000c0000000,0x00000000c4633398,0x00000000c4680000)
 Metaspace       used 53398K, committed 54784K, reserved 1114112K
  class space    used 5575K, committed 6208K, reserved 1048576K
}
Event: 18.015 GC heap before
{Heap before GC invocations=40 (full 2):
 PSYoungGen      total 17408K, used 17021K [0x00000000eab00000, 0x00000000ebe00000, 0x0000000100000000)
  eden space 15360K, 100% used [0x00000000eab00000,0x00000000eba00000,0x00000000eba00000)
  from space 2048K, 81% used [0x00000000ebb00000,0x00000000ebc9f5a8,0x00000000ebd00000)
  to   space 1024K, 0% used [0x00000000ebd00000,0x00000000ebd00000,0x00000000ebe00000)
 ParOldGen       total 72192K, used 71884K [0x00000000c0000000, 0x00000000c4680000, 0x00000000eab00000)
  object space 72192K, 99% used [0x00000000c0000000,0x00000000c4633398,0x00000000c4680000)
 Metaspace       used 54194K, committed 55488K, reserved 1114112K
  class space    used 5646K, committed 6208K, reserved 1048576K
}
Event: 18.016 GC heap after
{Heap after GC invocations=40 (full 2):
 PSYoungGen      total 16384K, used 1008K [0x00000000eab00000, 0x00000000ebf00000, 0x0000000100000000)
  eden space 15360K, 0% used [0x00000000eab00000,0x00000000eab00000,0x00000000eba00000)
  from space 1024K, 98% used [0x00000000ebd00000,0x00000000ebdfc2b8,0x00000000ebe00000)
  to   space 2560K, 0% used [0x00000000eba00000,0x00000000eba00000,0x00000000ebc80000)
 ParOldGen       total 73216K, used 73053K [0x00000000c0000000, 0x00000000c4780000, 0x00000000eab00000)
  object space 73216K, 99% used [0x00000000c0000000,0x00000000c4757438,0x00000000c4780000)
 Metaspace       used 54194K, committed 55488K, reserved 1114112K
  class space    used 5646K, committed 6208K, reserved 1048576K
}
Event: 18.779 GC heap before
{Heap before GC invocations=41 (full 2):
 PSYoungGen      total 16384K, used 16368K [0x00000000eab00000, 0x00000000ebf00000, 0x0000000100000000)
  eden space 15360K, 100% used [0x00000000eab00000,0x00000000eba00000,0x00000000eba00000)
  from space 1024K, 98% used [0x00000000ebd00000,0x00000000ebdfc2b8,0x00000000ebe00000)
  to   space 2560K, 0% used [0x00000000eba00000,0x00000000eba00000,0x00000000ebc80000)
 ParOldGen       total 73216K, used 73053K [0x00000000c0000000, 0x00000000c4780000, 0x00000000eab00000)
  object space 73216K, 99% used [0x00000000c0000000,0x00000000c4757438,0x00000000c4780000)
 Metaspace       used 54736K, committed 56000K, reserved 1114112K
  class space    used 5699K, committed 6272K, reserved 1048576K
}
Event: 18.781 GC heap after
{Heap after GC invocations=41 (full 2):
 PSYoungGen      total 17920K, used 2548K [0x00000000eab00000, 0x00000000ec300000, 0x0000000100000000)
  eden space 15360K, 0% used [0x00000000eab00000,0x00000000eab00000,0x00000000eba00000)
  from space 2560K, 99% used [0x00000000eba00000,0x00000000ebc7d3e0,0x00000000ebc80000)
  to   space 4608K, 0% used [0x00000000ebe80000,0x00000000ebe80000,0x00000000ec300000)
 ParOldGen       total 74752K, used 74463K [0x00000000c0000000, 0x00000000c4900000, 0x00000000eab00000)
  object space 74752K, 99% used [0x00000000c0000000,0x00000000c48b7e18,0x00000000c4900000)
 Metaspace       used 54736K, committed 56000K, reserved 1114112K
  class space    used 5699K, committed 6272K, reserved 1048576K
}
Event: 18.915 GC heap before
{Heap before GC invocations=42 (full 2):
 PSYoungGen      total 17920K, used 17328K [0x00000000eab00000, 0x00000000ec300000, 0x0000000100000000)
  eden space 15360K, 96% used [0x00000000eab00000,0x00000000eb96ed78,0x00000000eba00000)
  from space 2560K, 99% used [0x00000000eba00000,0x00000000ebc7d3e0,0x00000000ebc80000)
  to   space 4608K, 0% used [0x00000000ebe80000,0x00000000ebe80000,0x00000000ec300000)
 ParOldGen       total 74752K, used 74463K [0x00000000c0000000, 0x00000000c4900000, 0x00000000eab00000)
  object space 74752K, 99% used [0x00000000c0000000,0x00000000c48b7e18,0x00000000c4900000)
 Metaspace       used 55168K, committed 56512K, reserved 1114112K
  class space    used 5724K, committed 6336K, reserved 1048576K
}
Event: 18.919 GC heap after
{Heap after GC invocations=42 (full 2):
 PSYoungGen      total 18432K, used 3056K [0x00000000eab00000, 0x00000000ec180000, 0x0000000100000000)
  eden space 15360K, 0% used [0x00000000eab00000,0x00000000eab00000,0x00000000eba00000)
  from space 3072K, 99% used [0x00000000ebe80000,0x00000000ec17c268,0x00000000ec180000)
  to   space 3584K, 0% used [0x00000000eba80000,0x00000000eba80000,0x00000000ebe00000)
 ParOldGen       total 77312K, used 76959K [0x00000000c0000000, 0x00000000c4b80000, 0x00000000eab00000)
  object space 77312K, 99% used [0x00000000c0000000,0x00000000c4b27f38,0x00000000c4b80000)
 Metaspace       used 55168K, committed 56512K, reserved 1114112K
  class space    used 5724K, committed 6336K, reserved 1048576K
}
Event: 19.083 GC heap before
{Heap before GC invocations=43 (full 2):
 PSYoungGen      total 18432K, used 18416K [0x00000000eab00000, 0x00000000ec180000, 0x0000000100000000)
  eden space 15360K, 100% used [0x00000000eab00000,0x00000000eba00000,0x00000000eba00000)
  from space 3072K, 99% used [0x00000000ebe80000,0x00000000ec17c268,0x00000000ec180000)
  to   space 3584K, 0% used [0x00000000eba80000,0x00000000eba80000,0x00000000ebe00000)
 ParOldGen       total 77312K, used 76959K [0x00000000c0000000, 0x00000000c4b80000, 0x00000000eab00000)
  object space 77312K, 99% used [0x00000000c0000000,0x00000000c4b27f38,0x00000000c4b80000)
 Metaspace       used 55938K, committed 57280K, reserved 1114112K
  class space    used 5820K, committed 6400K, reserved 1048576K
}
Event: 19.087 GC heap after
{Heap after GC invocations=43 (full 2):
 PSYoungGen      total 18944K, used 3488K [0x00000000eab00000, 0x00000000ec100000, 0x0000000100000000)
  eden space 15360K, 0% used [0x00000000eab00000,0x00000000eab00000,0x00000000eba00000)
  from space 3584K, 97% used [0x00000000eba80000,0x00000000ebde82f0,0x00000000ebe00000)
  to   space 3072K, 0% used [0x00000000ebe00000,0x00000000ebe00000,0x00000000ec100000)
 ParOldGen       total 79872K, used 79741K [0x00000000c0000000, 0x00000000c4e00000, 0x00000000eab00000)
  object space 79872K, 99% used [0x00000000c0000000,0x00000000c4ddf4a0,0x00000000c4e00000)
 Metaspace       used 55938K, committed 57280K, reserved 1114112K
  class space    used 5820K, committed 6400K, reserved 1048576K
}
Event: 19.191 GC heap before
{Heap before GC invocations=44 (full 2):
 PSYoungGen      total 18944K, used 18848K [0x00000000eab00000, 0x00000000ec100000, 0x0000000100000000)
  eden space 15360K, 100% used [0x00000000eab00000,0x00000000eba00000,0x00000000eba00000)
  from space 3584K, 97% used [0x00000000eba80000,0x00000000ebde82f0,0x00000000ebe00000)
  to   space 3072K, 0% used [0x00000000ebe00000,0x00000000ebe00000,0x00000000ec100000)
 ParOldGen       total 79872K, used 79741K [0x00000000c0000000, 0x00000000c4e00000, 0x00000000eab00000)
  object space 79872K, 99% used [0x00000000c0000000,0x00000000c4ddf4a0,0x00000000c4e00000)
 Metaspace       used 56269K, committed 57664K, reserved 1114112K
  class space    used 5858K, committed 6528K, reserved 1048576K
}
Event: 19.194 GC heap after
{Heap after GC invocations=44 (full 2):
 PSYoungGen      total 15360K, used 3071K [0x00000000eab00000, 0x00000000ec800000, 0x0000000100000000)
  eden space 12288K, 0% used [0x00000000eab00000,0x00000000eab00000,0x00000000eb700000)
  from space 3072K, 99% used [0x00000000ebe00000,0x00000000ec0ffe80,0x00000000ec100000)
  to   space 7168K, 0% used [0x00000000eb700000,0x00000000eb700000,0x00000000ebe00000)
 ParOldGen       total 83456K, used 82991K [0x00000000c0000000, 0x00000000c5180000, 0x00000000eab00000)
  object space 83456K, 99% used [0x00000000c0000000,0x00000000c510bfd8,0x00000000c5180000)
 Metaspace       used 56269K, committed 57664K, reserved 1114112K
  class space    used 5858K, committed 6528K, reserved 1048576K
}
Event: 19.295 GC heap before
{Heap before GC invocations=45 (full 2):
 PSYoungGen      total 15360K, used 15359K [0x00000000eab00000, 0x00000000ec800000, 0x0000000100000000)
  eden space 12288K, 100% used [0x00000000eab00000,0x00000000eb700000,0x00000000eb700000)
  from space 3072K, 99% used [0x00000000ebe00000,0x00000000ec0ffe80,0x00000000ec100000)
  to   space 7168K, 0% used [0x00000000eb700000,0x00000000eb700000,0x00000000ebe00000)
 ParOldGen       total 83456K, used 82991K [0x00000000c0000000, 0x00000000c5180000, 0x00000000eab00000)
  object space 83456K, 99% used [0x00000000c0000000,0x00000000c510bfd8,0x00000000c5180000)
 Metaspace       used 56582K, committed 57984K, reserved 1114112K
  class space    used 5863K, committed 6528K, reserved 1048576K
}
Event: 19.297 GC heap after
{Heap after GC invocations=45 (full 2):
 PSYoungGen      total 15360K, used 2868K [0x00000000eab00000, 0x00000000ec000000, 0x0000000100000000)
  eden space 12288K, 0% used [0x00000000eab00000,0x00000000eab00000,0x00000000eb700000)
  from space 3072K, 93% used [0x00000000eb700000,0x00000000eb9cd170,0x00000000eba00000)
  to   space 4608K, 0% used [0x00000000ebb80000,0x00000000ebb80000,0x00000000ec000000)
 ParOldGen       total 86016K, used 85935K [0x00000000c0000000, 0x00000000c5400000, 0x00000000eab00000)
  object space 86016K, 99% used [0x00000000c0000000,0x00000000c53ebcc8,0x00000000c5400000)
 Metaspace       used 56582K, committed 57984K, reserved 1114112K
  class space    used 5863K, committed 6528K, reserved 1048576K
}
Event: 19.475 GC heap before
{Heap before GC invocations=46 (full 2):
 PSYoungGen      total 15360K, used 15156K [0x00000000eab00000, 0x00000000ec000000, 0x0000000100000000)
  eden space 12288K, 100% used [0x00000000eab00000,0x00000000eb700000,0x00000000eb700000)
  from space 3072K, 93% used [0x00000000eb700000,0x00000000eb9cd170,0x00000000eba00000)
  to   space 4608K, 0% used [0x00000000ebb80000,0x00000000ebb80000,0x00000000ec000000)
 ParOldGen       total 86016K, used 85935K [0x00000000c0000000, 0x00000000c5400000, 0x00000000eab00000)
  object space 86016K, 99% used [0x00000000c0000000,0x00000000c53ebcc8,0x00000000c5400000)
 Metaspace       used 57000K, committed 58432K, reserved 1114112K
  class space    used 5871K, committed 6528K, reserved 1048576K
}
Event: 19.477 GC heap after
{Heap after GC invocations=46 (full 2):
 PSYoungGen      total 15360K, used 2638K [0x00000000eab00000, 0x00000000ebe80000, 0x0000000100000000)
  eden space 12288K, 0% used [0x00000000eab00000,0x00000000eab00000,0x00000000eb700000)
  from space 3072K, 85% used [0x00000000ebb80000,0x00000000ebe139d0,0x00000000ebe80000)
  to   space 3072K, 0% used [0x00000000eb700000,0x00000000eb700000,0x00000000eba00000)
 ParOldGen       total 88576K, used 88548K [0x00000000c0000000, 0x00000000c5680000, 0x00000000eab00000)
  object space 88576K, 99% used [0x00000000c0000000,0x00000000c5679398,0x00000000c5680000)
 Metaspace       used 57000K, committed 58432K, reserved 1114112K
  class space    used 5871K, committed 6528K, reserved 1048576K
}
Event: 19.744 GC heap before
{Heap before GC invocations=47 (full 2):
 PSYoungGen      total 15360K, used 14926K [0x00000000eab00000, 0x00000000ebe80000, 0x0000000100000000)
  eden space 12288K, 100% used [0x00000000eab00000,0x00000000eb700000,0x00000000eb700000)
  from space 3072K, 85% used [0x00000000ebb80000,0x00000000ebe139d0,0x00000000ebe80000)
  to   space 3072K, 0% used [0x00000000eb700000,0x00000000eb700000,0x00000000eba00000)
 ParOldGen       total 88576K, used 88548K [0x00000000c0000000, 0x00000000c5680000, 0x00000000eab00000)
  object space 88576K, 99% used [0x00000000c0000000,0x00000000c5679398,0x00000000c5680000)
 Metaspace       used 57555K, committed 58944K, reserved 1114112K
  class space    used 5891K, committed 6528K, reserved 1048576K
}
Event: 19.746 GC heap after
{Heap after GC invocations=47 (full 2):
 PSYoungGen      total 14848K, used 2195K [0x00000000eab00000, 0x00000000ebc00000, 0x0000000100000000)
  eden space 12288K, 0% used [0x00000000eab00000,0x00000000eab00000,0x00000000eb700000)
  from space 2560K, 85% used [0x00000000eb700000,0x00000000eb924fa0,0x00000000eb980000)
  to   space 2560K, 0% used [0x00000000eb980000,0x00000000eb980000,0x00000000ebc00000)
 ParOldGen       total 91136K, used 90965K [0x00000000c0000000, 0x00000000c5900000, 0x00000000eab00000)
  object space 91136K, 99% used [0x00000000c0000000,0x00000000c58d55b8,0x00000000c5900000)
 Metaspace       used 57555K, committed 58944K, reserved 1114112K
  class space    used 5891K, committed 6528K, reserved 1048576K
}

